This is pdfTeX, Version 3.1415926-1.40.10 (TeX Live 2009/Debian) (format=pdflatex 2012.11.24)  12 JAN 2013 12:49
entering extended mode
 %&-line parsing enabled.
**simulado.tex
(./simulado.tex
LaTeX2e <2009/09/24>
Babel <v3.8l> and hyphenation patterns for english, usenglishmax, dumylang, noh
yphenation, loaded.
(/usr/share/texmf-texlive/tex/latex/base/article.cls
Document Class: article 2007/10/19 v1.4h Standard LaTeX document class
(/usr/share/texmf-texlive/tex/latex/base/size10.clo
File: size10.clo 2007/10/19 v1.4h Standard LaTeX file (size option)
)
\c@part=\count79
\c@section=\count80
\c@subsection=\count81
\c@subsubsection=\count82
\c@paragraph=\count83
\c@subparagraph=\count84
\c@figure=\count85
\c@table=\count86
\abovecaptionskip=\skip41
\belowcaptionskip=\skip42
\bibindent=\dimen102
)
(/usr/share/texmf-texlive/tex/generic/babel/babel.sty
Package: babel 2008/07/06 v3.8l The Babel package

(/usr/share/texmf-texlive/tex/generic/babel/portuges.ldf
Language: portuges 2008/03/18 v1.2q Portuguese support from the babel system

(/usr/share/texmf-texlive/tex/generic/babel/babel.def
File: babel.def 2008/07/06 v3.8l Babel common definitions
\babel@savecnt=\count87
\U@D=\dimen103
)

Package babel Warning: No hyphenation patterns were loaded for
(babel)                the language `Portuguese'
(babel)                I will use the patterns loaded for \language=0 instead.

\l@portuges = a dialect from \language0
\l@brazil = a dialect from \language\l@portuges 
Package babel Info: Making " an active character on input line 145.
)) (/usr/share/texmf-texlive/tex/latex/geometry/geometry.sty
Package: geometry 2008/12/21 v4.2 Page Geometry

(/usr/share/texmf-texlive/tex/latex/graphics/keyval.sty
Package: keyval 1999/03/16 v1.13 key=value parser (DPC)
\KV@toks@=\toks14
)
(/usr/share/texmf-texlive/tex/generic/oberdiek/ifpdf.sty
Package: ifpdf 2009/04/10 v2.0 Provides the ifpdf switch (HO)
Package ifpdf Info: pdfTeX in pdf mode detected.
)
(/usr/share/texmf-texlive/tex/generic/oberdiek/ifvtex.sty
Package: ifvtex 2008/11/04 v1.4 Switches for detecting VTeX and its modes (HO)
Package ifvtex Info: VTeX not detected.
)
\Gm@cnth=\count88
\Gm@cntv=\count89
\c@Gm@tempcnt=\count90
\Gm@bindingoffset=\dimen104
\Gm@wd@mp=\dimen105
\Gm@odd@mp=\dimen106
\Gm@even@mp=\dimen107
\Gm@dimlist=\toks15
)
(/usr/share/texmf-texlive/tex/latex/psnfss/helvet.sty
Package: helvet 2005/04/12 PSNFSS-v9.2a (WaS) 
)
(/usr/share/texmf-texlive/tex/latex/tools/multicol.sty
Package: multicol 2008/12/05 v1.6h multicolumn formatting (FMi)
\c@tracingmulticols=\count91
\mult@box=\box26
\multicol@leftmargin=\dimen108
\c@unbalance=\count92
\c@collectmore=\count93
\doublecol@number=\count94
\multicoltolerance=\count95
\multicolpretolerance=\count96
\full@width=\dimen109
\page@free=\dimen110
\premulticols=\dimen111
\postmulticols=\dimen112
\multicolsep=\skip43
\multicolbaselineskip=\skip44
\partial@page=\box27
\last@line=\box28
\mult@rightbox=\box29
\mult@grightbox=\box30
\mult@gfirstbox=\box31
\mult@firstbox=\box32
\@tempa=\box33
\@tempa=\box34
\@tempa=\box35
\@tempa=\box36
\@tempa=\box37
\@tempa=\box38
\@tempa=\box39
\@tempa=\box40
\@tempa=\box41
\@tempa=\box42
\@tempa=\box43
\@tempa=\box44
\@tempa=\box45
\@tempa=\box46
\@tempa=\box47
\@tempa=\box48
\@tempa=\box49
\c@columnbadness=\count97
\c@finalcolumnbadness=\count98
\last@try=\dimen113
\multicolovershoot=\dimen114
\multicolundershoot=\dimen115
\mult@nat@firstbox=\box50
\colbreak@box=\box51
)
(/usr/share/texmf-texlive/tex/latex/tools/array.sty
Package: array 2008/09/09 v2.4c Tabular extension package (FMi)
\col@sep=\dimen116
\extrarowheight=\dimen117
\NC@list=\toks16
\extratabsurround=\skip45
\backup@length=\skip46
)
(/usr/share/texmf-texlive/tex/latex/graphics/graphicx.sty
Package: graphicx 1999/02/16 v1.0f Enhanced LaTeX Graphics (DPC,SPQR)

(/usr/share/texmf-texlive/tex/latex/graphics/graphics.sty
Package: graphics 2009/02/05 v1.0o Standard LaTeX Graphics (DPC,SPQR)

(/usr/share/texmf-texlive/tex/latex/graphics/trig.sty
Package: trig 1999/03/16 v1.09 sin cos tan (DPC)
)
(/etc/texmf/tex/latex/config/graphics.cfg
File: graphics.cfg 2009/08/28 v1.8 graphics configuration of TeX Live
)
Package graphics Info: Driver file: pdftex.def on input line 91.

(/usr/share/texmf-texlive/tex/latex/pdftex-def/pdftex.def
File: pdftex.def 2010/03/12 v0.04p Graphics/color for pdfTeX
\Gread@gobject=\count99
))
\Gin@req@height=\dimen118
\Gin@req@width=\dimen119
) (./simulado.aux)
\openout1 = `simulado.aux'.

LaTeX Font Info:    Checking defaults for OML/cmm/m/it on input line 36.
LaTeX Font Info:    ... okay on input line 36.
LaTeX Font Info:    Checking defaults for T1/cmr/m/n on input line 36.
LaTeX Font Info:    ... okay on input line 36.
LaTeX Font Info:    Checking defaults for OT1/cmr/m/n on input line 36.
LaTeX Font Info:    ... okay on input line 36.
LaTeX Font Info:    Checking defaults for OMS/cmsy/m/n on input line 36.
LaTeX Font Info:    ... okay on input line 36.
LaTeX Font Info:    Checking defaults for OMX/cmex/m/n on input line 36.
LaTeX Font Info:    ... okay on input line 36.
LaTeX Font Info:    Checking defaults for U/cmr/m/n on input line 36.
LaTeX Font Info:    ... okay on input line 36.

*geometry auto-detecting driver*
*geometry detected driver: pdftex*
-------------------- Geometry parameters
paper: a4paper
landscape: --
twocolumn: --
twoside: --
asymmetric: --
h-parts: 56.9055pt, 483.69687pt, 56.9055pt
v-parts: 56.9055pt, 731.23584pt, 56.9055pt
hmarginratio: --
vmarginratio: --
lines: --
heightrounded: --
bindingoffset: 0.0pt
truedimen: --
includehead: --
includefoot: --
includemp: --
driver: pdftex
-------------------- Page layout dimensions and switches
\paperwidth  597.50787pt
\paperheight 845.04684pt
\textwidth  483.69687pt
\textheight 731.23584pt
\oddsidemargin  -15.36449pt
\evensidemargin -15.36449pt
\topmargin  -52.36449pt
\headheight 12.0pt
\headsep    25.0pt
\footskip   30.0pt
\marginparwidth 57.0pt
\marginparsep   11.0pt
\columnsep  28.45274pt
\skip\footins  9.0pt plus 4.0pt minus 2.0pt
\hoffset 0.0pt
\voffset 0.0pt
\mag 1000

(1in=72.27pt, 1cm=28.45pt)
-----------------------
(/usr/share/texmf-texlive/tex/context/base/supp-pdf.mkii
[Loading MPS to PDF converter (version 2006.09.02).]
\scratchcounter=\count100
\scratchdimen=\dimen120
\scratchbox=\box52
\nofMPsegments=\count101
\nofMParguments=\count102
\everyMPshowfont=\toks17
\MPscratchCnt=\count103
\MPscratchDim=\dimen121
\MPnumerator=\count104
\everyMPtoPDFconversion=\toks18
) <logo_emancipa.jpg, id=1, 323.2075pt x 120.45pt>
File: logo_emancipa.jpg Graphic file (type jpg)
 <use logo_emancipa.jpg>
Underfull \hbox (badness 10000) in paragraph at lines 50--51

 []

[1

{/var/lib/texmf/fonts/map/pdftex/updmap/pdftex.map} <./logo_emancipa.jpg>]
Underfull \hbox (badness 10000) in paragraph at lines 67--68

 []

<redacao.jpg, id=9, 497.86pt x 323.2075pt>
File: redacao.jpg Graphic file (type jpg)
 <use redacao.jpg>
LaTeX Font Info:    External font `cmex10' loaded for size
(Font)              <7> on input line 78.
LaTeX Font Info:    External font `cmex10' loaded for size
(Font)              <5> on input line 78.
LaTeX Font Info:    External font `cmex10' loaded for size
(Font)              <8> on input line 78.
LaTeX Font Info:    External font `cmex10' loaded for size
(Font)              <6> on input line 78.

Underfull \hbox (badness 10000) in paragraph at lines 77--79

 []


Underfull \hbox (badness 10000) in paragraph at lines 77--79

 []


Underfull \hbox (badness 10000) in paragraph at lines 80--84

 []


Underfull \hbox (badness 10000) in paragraph at lines 80--84

 []


Underfull \hbox (badness 10000) in paragraph at lines 85--86

 []

[2 <./redacao.jpg>]
Underfull \hbox (badness 10000) in paragraph at lines 106--109

 []

<cartaz.png, id=18, 480.29437pt x 298.11375pt>
File: cartaz.png Graphic file (type png)
 <use cartaz.png>
Missing character: There is no √ in font cmr10!
Missing character: There is no ¢ in font cmr10!
Missing character: There is no ‚ in font cmr10!
Missing character: There is no Ä in font cmr10!
Missing character: There is no ú in font cmr10!
Missing character: There is no ‚ in font cmr10!
Missing character: There is no Ä in font cmr10!
Missing character: There is no ù in font cmr10!

Underfull \hbox (badness 5105) in paragraph at lines 159--161
\OT1/cmr/m/n/10 Se to-das as can-di-datas e can-didatos a
 []

[3 <./cartaz.png (PNG copy)>]
<retangulo_quadrado_matematica.jpg, id=22, 447.6725pt x 342.27875pt>
File: retangulo_quadrado_matematica.jpg Graphic file (type jpg)

<use retangulo_quadrado_matematica.jpg>
Missing character: There is no √ in font cmr10!
Missing character: There is no µ in font cmr10!
Missing character: There is no √ in font cmr10!
Missing character: There is no µ in font cmr10!
Missing character: There is no √ in font cmr10!
Missing character: There is no ¢ in font cmr10!
Missing character: There is no √ in font cmr10!
Missing character: There is no µ in font cmr10!

Underfull \hbox (badness 10000) in paragraph at lines 232--235

 []

Missing character: There is no √ in font cmr10!
Missing character: There is no ™ in font cmr10!

Underfull \hbox (badness 10000) in paragraph at lines 250--251

 []

Missing character: There is no √ in font cmr10!
Missing character: There is no ™ in font cmr10!

Underfull \hbox (badness 10000) in paragraph at lines 252--254

 []

[4 <./retangulo_quadrado_matematica.jpg>]
Missing character: There is no √ in font cmr10!
Missing character: There is no µ in font cmr10!
Missing character: There is no √ in font cmr10!
Missing character: There is no ™ in font cmr10!

Underfull \hbox (badness 10000) in paragraph at lines 255--259

 []

Missing character: There is no √ in font cmr10!
Missing character: There is no ¢ in font cmr10!

Underfull \hbox (badness 10000) in paragraph at lines 260--265

 []

Missing character: There is no √ in font cmr10!
Missing character: There is no ¢ in font cmr10!
Missing character: There is no √ in font cmr10!
Missing character: There is no µ in font cmr10!
Missing character: There is no √ in font cmr10!
Missing character: There is no µ in font cmr10!
Missing character: There is no √ in font cmr10!
Missing character: There is no ™ in font cmr10!
Missing character: There is no √ in font cmr8!
Missing character: There is no ¢ in font cmr8!
Missing character: There is no √ in font cmr10!
Missing character: There is no ¢ in font cmr10!
Missing character: There is no √ in font cmr10!
Missing character: There is no ¢ in font cmr10!
Missing character: There is no √ in font cmr10!
Missing character: There is no µ in font cmr10!

Underfull \hbox (badness 10000) in paragraph at lines 286--290

 []

Missing character: There is no √ in font cmr10!
Missing character: There is no ¥ in font cmr10!
Missing character: There is no √ in font cmr10!
Missing character: There is no ™ in font cmr10!
Missing character: There is no √ in font cmr10!
Missing character: There is no ™ in font cmr10!
Missing character: There is no ‚ in font cmr8!
Missing character: There is no Ä in font cmr8!
Missing character: There is no ì in font cmr8!
Missing character: There is no √ in font cmr10!
Missing character: There is no ¢ in font cmr10!
Missing character: There is no √ in font cmr10!
Missing character: There is no ¥ in font cmr10!
Missing character: There is no √ in font cmr10!
Missing character: There is no ¥ in font cmr10!
Missing character: There is no √ in font cmr10!
Missing character: There is no ™ in font cmr10!
Missing character: There is no √ in font cmr10!
Missing character: There is no ™ in font cmr10!
[5]
Missing character: There is no √ in font cmr10!
Missing character: There is no º in font cmr10!
Missing character: There is no √ in font cmr10!
Missing character: There is no º in font cmr10!
Missing character: There is no √ in font cmr10!
Missing character: There is no µ in font cmr10!
Missing character: There is no √ in font cmr10!
Missing character: There is no ¢ in font cmr10!
Missing character: There is no √ in font cmr10!
Missing character: There is no ¢ in font cmr10!
 <futeboleno_quimica.jpg, id=36, 722.7pt x 542.025pt>
File: futeboleno_quimica.jpg Graphic file (type jpg)

<use futeboleno_quimica.jpg>
Missing character: There is no ¬ in font cmr10!
Missing character: There is no ∞ in font cmr10!
 [6 <./futeboleno_quimica.jpg>]
<benzeno_cicloexano_quimica.jpg, id=40, 325.215pt x 216.81pt>
File: benzeno_cicloexano_quimica.jpg Graphic file (type jpg)

<use benzeno_cicloexano_quimica.jpg>
Missing character: There is no ¬ in font cmr10!
Missing character: There is no ∫ in font cmr10!

<composto_quimica.jpg, id=41, 339.51843pt x 93.34875pt>
File: composto_quimica.jpg Graphic file (type jpg)

<use composto_quimica.jpg> <ozonio.jpg, id=42, 995.72pt x 634.37pt>
File: ozonio.jpg Graphic file (type jpg)

<use ozonio.jpg>
Overfull \hbox (31.37221pt too wide) in paragraph at lines 412--413
[][] 
 []

<apagao.jpg, id=43, 352.6776pt x 306.6657pt>
File: apagao.jpg Graphic file (type jpg)
 <use apagao.jpg> [7 <./benzeno_cicloexano_quimica.jpg> <./composto_quimica.jpg
> <./ozonio.jpg>]
Underfull \hbox (badness 10000) in paragraph at lines 450--451

 []

<cidades_fisica.jpg, id=48, 491.8375pt x 100.375pt>
File: cidades_fisica.jpg Graphic file (type jpg)
 <use cidades_fisica.jpg>
<circuito_fisica.jpg, id=49, 254.9525pt x 161.60374pt>
File: circuito_fisica.jpg Graphic file (type jpg)

<use circuito_fisica.jpg>
<circuito_2_fisica.jpg, id=50, 338.26375pt x 178.6675pt>
File: circuito_2_fisica.jpg Graphic file (type jpg)

<use circuito_2_fisica.jpg> [8 <./apagao.jpg> <./cidades_fisica.jpg> <./circuit
o_fisica.jpg>]
Underfull \hbox (badness 10000) in paragraph at lines 576--578
[][]\OT1/cmr/m/n/10 E dif^^S^^Pcil en-con-trar um texto so-bre a
 []


Underfull \hbox (badness 10000) in paragraph at lines 579--580
[]\OT1/cmr/m/n/10 valorizar as pro-postas pol^^S^^Pticas
 []

Missing character: There is no √ in font cmr8!
Missing character: There is no î in font cmr8!
[9 <./circuito_2_fisica.jpg>]
Underfull \hbox (badness 10000) in paragraph at lines 611--612
[]\OT1/cmr/m/n/10 Genericamente, os ``infi^^Seis"eram os
 []


Underfull \hbox (badness 10000) in paragraph at lines 611--612
\OT1/cmr/m/n/10 mu^^Xculmanos e as ex-pedi^^Xc~oes eram
 []

Missing character: There is no √ in font cmr10!
Missing character: There is no ¢ in font cmr10!

Underfull \hbox (badness 10000) in paragraph at lines 612--613
[]\OT1/cmr/m/n/10 Genericamente, os ``infi^^Seis"eram os
 []


Underfull \hbox (badness 10000) in paragraph at lines 612--613
\OT1/cmr/m/n/10 mu^^Xculmanos e as ex-pedi^^Xc~oes eram
 []


Package multicol Warning: I moved some lines to the next page.
(multicol)                Footnotes on page 10 might be wrong on input line 626
.

[10]
Missing character: There is no √ in font cmr10!
Missing character: There is no ¢ in font cmr10!

Underfull \hbox (badness 10000) in paragraph at lines 632--633

 []


Underfull \hbox (badness 10000) in paragraph at lines 640--641
[]\OT1/cmr/m/n/10 Podemos iden-ti-ficar no texto de
 []

Missing character: There is no √ in font cmr10!
Missing character: There is no ¢ in font cmr10!

Package multicol Warning: I moved some lines to the next page.
(multicol)                Footnotes on page 11 might be wrong on input line 663
.

[11] [12]
Underfull \hbox (badness 10000) in paragraph at lines 743--746

 []


Package multicol Warning: I moved some lines to the next page.
(multicol)                Footnotes on page 13 might be wrong on input line 746
.

[13]
Missing character: There is no √ in font cmr10!
Missing character: There is no ¢ in font cmr10!
Missing character: There is no √ in font cmr10!
Missing character: There is no ¢ in font cmr10!

Underfull \hbox (badness 10000) in paragraph at lines 759--762

 []

Missing character: There is no √ in font cmr10!
Missing character: There is no ¢ in font cmr10!

Underfull \hbox (badness 10000) in paragraph at lines 799--801

 []

[14]
Underfull \hbox (badness 10000) in paragraph at lines 833--836

 []


Underfull \hbox (badness 10000) in paragraph at lines 849--861

 []


Underfull \hbox (badness 10000) in paragraph at lines 849--861

 []


Underfull \hbox (badness 6157) in paragraph at lines 869--870
[]\OT1/cmr/m/n/10 s^^S^^Pntese, pela via do ero-tismo, das
 []


Underfull \hbox (badness 10000) in paragraph at lines 873--874

 []

Missing character: There is no ‚ in font cmr10!
Missing character: There is no Ä in font cmr10!
Missing character: There is no î in font cmr10!
Missing character: There is no ‚ in font cmr10!
Missing character: There is no Ä in font cmr10!
Missing character: There is no ú in font cmr10!
Missing character: There is no ‚ in font cmr10!
Missing character: There is no Ä in font cmr10!
Missing character: There is no ù in font cmr10!
Missing character: There is no ‚ in font cmr10!
Missing character: There is no Ä in font cmr10!
Missing character: There is no ú in font cmr10!
Missing character: There is no ‚ in font cmr10!
Missing character: There is no Ä in font cmr10!
Missing character: There is no ù in font cmr10!

Underfull \hbox (badness 10000) in paragraph at lines 875--885

 []

[15]
Missing character: There is no √ in font cmr10!
Missing character: There is no ¢ in font cmr10!
 [16]
Underfull \hbox (badness 10000) in paragraph at lines 905--906

 []


Underfull \hbox (badness 10000) in paragraph at lines 907--915

 []

Missing character: There is no √ in font cmr10!
Missing character: There is no ¢ in font cmr10!
Missing character: There is no √ in font cmr10!
Missing character: There is no º in font cmr10!
Missing character: There is no √ in font cmr10!
Missing character: There is no ¢ in font cmr10!
Missing character: There is no √ in font cmr10!
Missing character: There is no ¢ in font cmr10!

Package multicol Warning: I moved some lines to the next page.
(multicol)                Footnotes on page 17 might be wrong on input line 964
.

[17]
Underfull \hbox (badness 10000) in paragraph at lines 970--971
[]\OT1/cmr/m/n/10 apresenta^^Xc~ao do personagem-narrador
 []

<mapa_brasil_geografia.jpg, id=82, 401.5pt x 401.5pt>
File: mapa_brasil_geografia.jpg Graphic file (type jpg)

<use mapa_brasil_geografia.jpg>
Underfull \hbox (badness 10000) in paragraph at lines 989--990
[]\OT1/cmr/m/n/10 as frentes pi-o-neiras da agri-cul-tura
 []

<norte_sul_geografia.jpg, id=83, 310.15875pt x 203.76125pt>
File: norte_sul_geografia.jpg Graphic file (type jpg)

<use norte_sul_geografia.jpg>
Underfull \hbox (badness 6944) in paragraph at lines 1001--1002
\OT1/cmr/m/n/10 mundo, rep-re-sen-tada pela linha do
 []

Missing character: There is no ¬ in font cmr10!
Missing character: There is no ∞ in font cmr10!
Missing character: There is no ¬ in font cmr10!
Missing character: There is no ∞ in font cmr10!
[18 <./mapa_brasil_geografia.jpg> <./norte_sul_geografia.jpg>]
<participacao_10_ricos_geografia.jpg, id=87, 330.23375pt x 258.9675pt>
File: participacao_10_ricos_geografia.jpg Graphic file (type jpg)

<use participacao_10_ricos_geografia.jpg>
Missing character: There is no √ in font cmr10!
Missing character: There is no ¢ in font cmr10!

Underfull \hbox (badness 5578) in paragraph at lines 1034--1035
\OT1/cmr/m/n/10 ap-re-sen-tou au-mento da con-cen-tra^^Xc~ao
 []

Missing character: There is no √ in font cmr8!
Missing character: There is no µ in font cmr8!
Missing character: There is no ‚ in font cmr8!
Missing character: There is no Ä in font cmr8!
Missing character: There is no ì in font cmr8!
<mapa_tematico_geografia.jpg, id=88, 628.3475pt x 350.30875pt>
File: mapa_tematico_geografia.jpg Graphic file (type jpg)

<use mapa_tematico_geografia.jpg>
Missing character: There is no √ in font cmr10!
Missing character: There is no ™ in font cmr10!
 [19 <./participacao_10_ricos_geografia.jpg> <./mapa_tematico_geografia.jpg>]
Missing character: There is no √ in font cmr10!
Missing character: There is no ™ in font cmr10!
Missing character: There is no √ in font cmr10!
Missing character: There is no ™ in font cmr10!
Missing character: There is no √ in font cmr10!
Missing character: There is no º in font cmr10!
Missing character: There is no √ in font cmr10!
Missing character: There is no µ in font cmr10!
Missing character: There is no √ in font cmr10!
Missing character: There is no µ in font cmr10!
Missing character: There is no √ in font cmr8!
Missing character: There is no µ in font cmr8!

<angeli_geografia.jpg, id=93, 456.70625pt x 458.71375pt>
File: angeli_geografia.jpg Graphic file (type jpg)

<use angeli_geografia.jpg>
Missing character: There is no √ in font cmr10!
Missing character: There is no µ in font cmr10!
Missing character: There is no √ in font cmr10!
Missing character: There is no µ in font cmr10!
Missing character: There is no ‚ in font cmr10!
Missing character: There is no Ä in font cmr10!
Missing character: There is no î in font cmr10!
Missing character: There is no √ in font cmr10!
Missing character: There is no ™ in font cmr10!
Missing character: There is no ‚ in font cmr10!
Missing character: There is no Ä in font cmr10!
Missing character: There is no î in font cmr10!
Missing character: There is no √ in font cmr10!
Missing character: There is no ™ in font cmr10!

<catraca_geografia.jpg, id=94, 307.1475pt x 436.63126pt>
File: catraca_geografia.jpg Graphic file (type jpg)

<use catraca_geografia.jpg>

Package multicol Warning: I moved some lines to the next page.
(multicol)                Footnotes on page 20 might be wrong on input line 109
3.

[20 <./angeli_geografia.jpg>]
<mapa_sao_paulo_geografia.jpg, id=98, 488.82625pt x 594.22pt>
File: mapa_sao_paulo_geografia.jpg Graphic file (type jpg)

<use mapa_sao_paulo_geografia.jpg>
Missing character: There is no √ in font cmr10!
Missing character: There is no ¥ in font cmr10!

<bio_ciclo.jpg, id=99, 436.63126pt x 322.20375pt>
File: bio_ciclo.jpg Graphic file (type jpg)
 <use bio_ciclo.jpg>

Package multicol Warning: I moved some lines to the next page.
(multicol)                Footnotes on page 21 might be wrong on input line 113
1.

[21 <./catraca_geografia.jpg> <./mapa_sao_paulo_geografia.jpg>]
Missing character: There is no √ in font cmr10!
Missing character: There is no ¢ in font cmr10!

<dna_rna_bio.jpg, id=103, 468.24937pt x 93.34875pt>
File: dna_rna_bio.jpg Graphic file (type jpg)
 <use dna_rna_bio.jpg>
Underfull \hbox (badness 5939) in paragraph at lines 1148--1149
[]\OT1/cmr/m/n/10 a ^^Sunica mol^^Secula que par-tic-ipa da
 []

Missing character: There is no √ in font cmr10!
Missing character: There is no ¢ in font cmr10!
Missing character: There is no ‚ in font cmr10!
Missing character: There is no Ä in font cmr10!
Missing character: There is no ú in font cmr10!
Missing character: There is no ‚ in font cmr10!
Missing character: There is no Ä in font cmr10!
Missing character: There is no ù in font cmr10!
[22 <./bio_ciclo.jpg> <./dna_rna_bio.jpg>]
<transferencia_bio.jpg, id=107, 358.33875pt x 139.52126pt>
File: transferencia_bio.jpg Graphic file (type jpg)

<use transferencia_bio.jpg>
Missing character: There is no √ in font cmr10!
Missing character: There is no ¢ in font cmr10!
Missing character: There is no √ in font cmr10!
Missing character: There is no ¢ in font cmr10!

Overfull \hbox (60.60605pt too wide) in paragraph at lines 1190--1209
[][] 
 []

Missing character: There is no ¬ in font cmr8!
Missing character: There is no ∫ in font cmr8!
[23 <./transferencia_bio.jpg>]
<poluicao_consumo_bio.jpg, id=111, 303.1325pt x 355.3275pt>
File: poluicao_consumo_bio.jpg Graphic file (type jpg)

<use poluicao_consumo_bio.jpg> [24 <./poluicao_consumo_bio.jpg>]
(./simulado.aux) ) 
Here is how much of TeX's memory you used:
 1922 strings out of 495061
 26278 string characters out of 1182620
 100055 words of memory out of 3000000
 5091 multiletter control sequences out of 15000+50000
 7330 words of font info for 26 fonts, out of 3000000 for 9000
 28 hyphenation exceptions out of 8191
 25i,9n,24p,2295b,636s stack positions out of 5000i,500n,10000p,200000b,50000s
</usr/share/texmf-texlive/fonts/type1/public/amsfonts/cm/cmbx
10.pfb></usr/share/texmf-texlive/fonts/type1/public/amsfonts/cm/cmbx12.pfb></us
r/share/texmf-texlive/fonts/type1/public/amsfonts/cm/cmcsc10.pfb></usr/share/te
xmf-texlive/fonts/type1/public/amsfonts/cm/cmex10.pfb></usr/share/texmf-texlive
/fonts/type1/public/amsfonts/cm/cmmi10.pfb></usr/share/texmf-texlive/fonts/type
1/public/amsfonts/cm/cmmi5.pfb></usr/share/texmf-texlive/fonts/type1/public/ams
fonts/cm/cmmi7.pfb></usr/share/texmf-texlive/fonts/type1/public/amsfonts/cm/cmr
10.pfb></usr/share/texmf-texlive/fonts/type1/public/amsfonts/cm/cmr5.pfb></usr/
share/texmf-texlive/fonts/type1/public/amsfonts/cm/cmr6.pfb></usr/share/texmf-t
exlive/fonts/type1/public/amsfonts/cm/cmr7.pfb></usr/share/texmf-texlive/fonts/
type1/public/amsfonts/cm/cmr8.pfb></usr/share/texmf-texlive/fonts/type1/public/
amsfonts/cm/cmsy10.pfb></usr/share/texmf-texlive/fonts/type1/public/amsfonts/cm
/cmsy7.pfb></usr/share/texmf-texlive/fonts/type1/public/amsfonts/cm/cmti10.pfb>

Output written on simulado.pdf (24 pages, 2292366 bytes).
PDF statistics:
 162 PDF objects out of 1000 (max. 8388607)
 0 named destinations out of 1000 (max. 500000)
 116 words of extra memory for PDF output out of 10000 (max. 10000000)

